[debug] [2026-02-05T16:07:40.837Z] ----------------------------------------------------------------------
[debug] [2026-02-05T16:07:40.843Z] Command:       C:\Program Files\nodejs\node.exe C:\Users\centr\AppData\Roaming\npm\node_modules\firebase-tools\lib\bin\firebase.js init hosting:github
[debug] [2026-02-05T16:07:40.843Z] CLI Version:   15.5.1
[debug] [2026-02-05T16:07:40.843Z] Platform:      win32
[debug] [2026-02-05T16:07:40.844Z] Node Version:  v22.20.0
[debug] [2026-02-05T16:07:40.844Z] Time:          Thu Feb 05 2026 17:07:40 GMT+0100 (Ora standard dell’Europa centrale)
[debug] [2026-02-05T16:07:40.845Z] ----------------------------------------------------------------------
[debug] 
[info] 
     ######## #### ########  ######## ########     ###     ######  ########
     ##        ##  ##     ## ##       ##     ##  ##   ##  ##       ##
     ######    ##  ########  ######   ########  #########  ######  ######
     ##        ##  ##    ##  ##       ##     ## ##     ##       ## ##
     ##       #### ##     ## ######## ########  ##     ##  ######  ########

You're about to initialize a Firebase project in this directory:

  C:\Users\centr\Desktop\APP Alloggiati

Before we get started, keep in mind:

  * You are initializing within an existing Firebase project directory

[info] 
=== Project Setup
[info] 
[info] First, let's associate this project directory with a Firebase project.
[info] You can create multiple project aliases by running firebase use --add, 
[info] 
[debug] [2026-02-05T16:07:44.569Z] > command requires scopes: ["email","openid","https://www.googleapis.com/auth/cloudplatformprojects.readonly","https://www.googleapis.com/auth/firebase","https://www.googleapis.com/auth/cloud-platform"]
[debug] [2026-02-05T16:07:44.569Z] > authorizing via signed-in user (thecornersanpietro@gmail.com)
[debug] [2026-02-05T16:07:44.572Z] Checked if tokens are valid: true, expires at: 1770310526375
[debug] [2026-02-05T16:07:44.573Z] Checked if tokens are valid: true, expires at: 1770310526375
[debug] [2026-02-05T16:07:44.574Z] >>> [apiv2][query] GET https://firebase.googleapis.com/v1beta1/projects/alloggiati-sync-pro [none]
[debug] [2026-02-05T16:07:45.022Z] <<< [apiv2][status] GET https://firebase.googleapis.com/v1beta1/projects/alloggiati-sync-pro 200
[debug] [2026-02-05T16:07:45.023Z] <<< [apiv2][body] GET https://firebase.googleapis.com/v1beta1/projects/alloggiati-sync-pro {"projectId":"alloggiati-sync-pro","projectNumber":"42226026273","displayName":"alloggiati-sync-pro","name":"projects/alloggiati-sync-pro","resources":{"hostingSite":"alloggiati-sync-pro"},"state":"ACTIVE","etag":"1_94b339f4-a9ab-4eb8-9385-be5fc09cda71"}
[info] i  Using project alloggiati-sync-pro (alloggiati-sync-pro) . 
[info] 
=== Hosting:github Setup
[info] 
[info] i  Detected a .git folder at C:\Users\centr\Desktop\APP Alloggiati 
[info] i  Authorizing with GitHub to upload your service account to a GitHub repository's secrets store. 
[info] 
[info] Visit this URL on this device to log in:
[info] https://github.com/login/oauth/authorize?client_id=89cf50f02ac6aaed3484&state=824353469&redirect_uri=http%3A%2F%2Flocalhost%3A9005&scope=read%3Auser%20repo%20public_repo
[info] 
[info] Waiting for authentication...
[debug] [2026-02-05T16:08:33.188Z] >>> [apiv2][query] POST https://github.com/login/oauth/access_token [none]
[debug] [2026-02-05T16:08:33.188Z] >>> [apiv2][body] POST https://github.com/login/oauth/access_token [stream]
[debug] [2026-02-05T16:08:34.297Z] <<< [apiv2][status] POST https://github.com/login/oauth/access_token 200
[debug] [2026-02-05T16:08:34.297Z] <<< [apiv2][body] POST https://github.com/login/oauth/access_token {"access_token":"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","token_type":"bearer","scope":"read:user,repo"}
[debug] [2026-02-05T16:08:34.301Z] >>> [apiv2][query] GET https://api.github.com/user [none]
[debug] [2026-02-05T16:08:34.629Z] <<< [apiv2][status] GET https://api.github.com/user 200
[debug] [2026-02-05T16:08:34.629Z] <<< [apiv2][body] GET https://api.github.com/user {"login":"thecornersanpietro-creator","id":259625931,"node_id":"U_kgDOD3mTyw","avatar_url":"https://avatars.githubusercontent.com/u/259625931?v=4","gravatar_id":"","url":"https://api.github.com/users/thecornersanpietro-creator","html_url":"https://github.com/thecornersanpietro-creator","followers_url":"https://api.github.com/users/thecornersanpietro-creator/followers","following_url":"https://api.github.com/users/thecornersanpietro-creator/following{/other_user}","gists_url":"https://api.github.com/users/thecornersanpietro-creator/gists{/gist_id}","starred_url":"https://api.github.com/users/thecornersanpietro-creator/starred{/owner}{/repo}","subscriptions_url":"https://api.github.com/users/thecornersanpietro-creator/subscriptions","organizations_url":"https://api.github.com/users/thecornersanpietro-creator/orgs","repos_url":"https://api.github.com/users/thecornersanpietro-creator/repos","events_url":"https://api.github.com/users/thecornersanpietro-creator/events{/privacy}","received_events_url":"https://api.github.com/users/thecornersanpietro-creator/received_events","type":"User","user_view_type":"private","site_admin":false,"name":null,"company":null,"blog":"","location":null,"email":null,"hireable":null,"bio":null,"twitter_username":null,"notification_email":null,"public_repos":0,"public_gists":0,"followers":0,"following":0,"created_at":"2026-02-05T16:08:08Z","updated_at":"2026-02-05T16:08:08Z","private_gists":0,"total_private_repos":0,"owned_private_repos":0,"disk_usage":0,"collaborators":0,"two_factor_authentication":false,"plan":{"name":"free","space":976562499,"collaborators":0,"private_repos":10000}}
[info] 
[info] +  Success! Logged into GitHub as thecornersanpietro-creator 
[info] 
[debug] [2026-02-05T16:08:42.812Z] >>> [apiv2][query] GET https://api.github.com/repos/y/actions/secrets/public-key type=owner
[debug] [2026-02-05T16:08:43.111Z] <<< [apiv2][status] GET https://api.github.com/repos/y/actions/secrets/public-key 404
[debug] [2026-02-05T16:08:43.112Z] <<< [apiv2][body] GET https://api.github.com/repos/y/actions/secrets/public-key {"message":"Not Found","documentation_url":"https://docs.github.com/rest","status":"404"}
[info] 
[info] 
[error] !  The provided authorization cannot be used with this repository. If this repository is in an organization, did you remember to grant access? 
[info] 
[info] i  Action required: Visit this URL to ensure access has been granted to the appropriate organization(s) for the Firebase CLI GitHub OAuth App: 
[info] https://github.com/settings/connections/applications/89cf50f02ac6aaed3484
[info] 
[debug] [2026-02-05T16:14:01.815Z] >>> [apiv2][query] GET https://api.github.com/repos/alloggiati-sync-pro/actions/secrets/public-key type=owner
[debug] [2026-02-05T16:14:02.176Z] <<< [apiv2][status] GET https://api.github.com/repos/alloggiati-sync-pro/actions/secrets/public-key 404
[debug] [2026-02-05T16:14:02.177Z] <<< [apiv2][body] GET https://api.github.com/repos/alloggiati-sync-pro/actions/secrets/public-key {"message":"Not Found","documentation_url":"https://docs.github.com/rest","status":"404"}
[info] 
[info] 
[error] !  The provided authorization cannot be used with this repository. If this repository is in an organization, did you remember to grant access? 
[info] 
[info] i  Action required: Visit this URL to ensure access has been granted to the appropriate organization(s) for the Firebase CLI GitHub OAuth App: 
[info] https://github.com/settings/connections/applications/89cf50f02ac6aaed3484
[info] 
[debug] [2026-02-05T16:14:09.054Z] >>> [apiv2][query] GET https://api.github.com/repos/alloggiati-sync-pro/actions/secrets/public-key type=owner
[debug] [2026-02-05T16:14:09.267Z] <<< [apiv2][status] GET https://api.github.com/repos/alloggiati-sync-pro/actions/secrets/public-key 404
[debug] [2026-02-05T16:14:09.267Z] <<< [apiv2][body] GET https://api.github.com/repos/alloggiati-sync-pro/actions/secrets/public-key {"message":"Not Found","documentation_url":"https://docs.github.com/rest","status":"404"}
[info] 
[info] 
[error] !  The provided authorization cannot be used with this repository. If this repository is in an organization, did you remember to grant access? 
[info] 
[info] i  Action required: Visit this URL to ensure access has been granted to the appropriate organization(s) for the Firebase CLI GitHub OAuth App: 
[info] https://github.com/settings/connections/applications/89cf50f02ac6aaed3484
[info] 
[debug] [2026-02-05T16:14:20.379Z] >>> [apiv2][query] GET https://api.github.com/repos/format: alloggiati-sync-pro/actions/secrets/public-key type=owner
[debug] [2026-02-05T16:14:20.578Z] <<< [apiv2][status] GET https://api.github.com/repos/format: alloggiati-sync-pro/actions/secrets/public-key 404
[debug] [2026-02-05T16:14:20.578Z] <<< [apiv2][body] GET https://api.github.com/repos/format: alloggiati-sync-pro/actions/secrets/public-key {"message":"Not Found","documentation_url":"https://docs.github.com/rest","status":"404"}
[info] 
[info] 
[error] !  The provided authorization cannot be used with this repository. If this repository is in an organization, did you remember to grant access? 
[info] 
[info] i  Action required: Visit this URL to ensure access has been granted to the appropriate organization(s) for the Firebase CLI GitHub OAuth App: 
[info] https://github.com/settings/connections/applications/89cf50f02ac6aaed3484
[info] 
[debug] [2026-02-05T16:14:51.901Z] >>> [apiv2][query] GET https://api.github.com/repos/format:user/alloggiati-sync-pro/actions/secrets/public-key type=owner
[debug] [2026-02-05T16:14:52.200Z] <<< [apiv2][status] GET https://api.github.com/repos/format:user/alloggiati-sync-pro/actions/secrets/public-key 404
[debug] [2026-02-05T16:14:52.200Z] <<< [apiv2][body] GET https://api.github.com/repos/format:user/alloggiati-sync-pro/actions/secrets/public-key {"message":"Not Found","documentation_url":"https://docs.github.com/rest/actions/secrets#get-a-repository-public-key","status":"404"}
[info] 
[info] 
[error] !  The provided authorization cannot be used with this repository. If this repository is in an organization, did you remember to grant access? 
[info] 
[info] i  Action required: Visit this URL to ensure access has been granted to the appropriate organization(s) for the Firebase CLI GitHub OAuth App: 
[info] https://github.com/settings/connections/applications/89cf50f02ac6aaed3484
[info] 
